#
# A fatal error has been detected by the Java Runtime Environment:
#
#  EXCEPTION_ACCESS_VIOLATION (0xc0000005) at pc=0x0000000073a18bb0, pid=17012, tid=0x000000000000132c
#
# JRE version: Java(TM) SE Runtime Environment (8.0_201-b09) (build 1.8.0_201-b09)
# Java VM: Java HotSpot(TM) 64-Bit Server VM (25.201-b09 mixed mode windows-amd64 compressed oops)
# Problematic frame:
# C  [nvoglv64.dll+0xea8bb0]
#
# Failed to write core dump. Minidumps are not enabled by default on client versions of Windows
#
# If you would like to submit a bug report, please visit:
#   http://bugreport.java.com/bugreport/crash.jsp
# The crash happened outside the Java Virtual Machine in native code.
# See problematic frame for where to report the bug.
#

---------------  T H R E A D  ---------------

Current thread (0x0000000002e6e000):  JavaThread "main" [_thread_in_native, id=4908, stack(0x0000000002d30000,0x0000000002e30000)]

siginfo: ExceptionCode=0xc0000005, reading address 0x0000000000000000

Registers:
RAX=0x0000000000000000, RBX=0x000000002281d5b8, RCX=0x0000000023168fb4, RDX=0x0000000000000000
RSP=0x0000000002e2f1a8, RBP=0x0000000000000001, RSI=0x0000000000000004, RDI=0x0000000023168fb4
R8 =0x0000000000000020, R9 =0x0000000000000004, R10=0x0000000000000000, R11=0x0000000023168fb4
R12=0x0000000000000000, R13=0x0000000072b70000, R14=0x0000000000000000, R15=0x000000002281d338
RIP=0x0000000073a18bb0, EFLAGS=0x0000000000010246

Top of Stack: (sp=0x0000000002e2f1a8)
0x0000000002e2f1a8:   0000000073519dea 000000002d70b6b8
0x0000000002e2f1b8:   0000000002e2f300 0000000002e6de40
0x0000000002e2f1c8:   000000007338d45b 0000000002e6e000
0x0000000002e2f1d8:   0000000000000004 0000000000000000
0x0000000002e2f1e8:   000000000001810b 000000002281d338
0x0000000002e2f1f8:   000000007351abd2 000000002281b080
0x0000000002e2f208:   0000000000000005 0000000000000000
0x0000000002e2f218:   0000000002f88497 0000000002e6e000
0x0000000002e2f228:   0000000002e2f300 000000002d70b6b0
0x0000000002e2f238:   0000000000000000 0000000002f7835d
0x0000000002e2f248:   0000000002f88627 000000002d70b6b8
0x0000000002e2f258:   0000000002e2f2d0 0000000001000020
0x0000000002e2f268:   000000002d70b6b8 0000000000000004
0x0000000002e2f278:   0000000002e6e000 0000000002e2f368
0x0000000002e2f288:   0000000002f88322 0000000002e2f290
0x0000000002e2f298:   000000002d70b6b0 0000000002e2f300 

Instructions: (pc=0x0000000073a18bb0)
0x0000000073a18b90:   83 ab 01 00 00 49 8b c3 4c 8b df 48 8b f9 49 8b
0x0000000073a18ba0:   c8 4c 8b c6 49 8b f2 f3 a4 49 8b f0 49 8b fb c3
0x0000000073a18bb0:   0f 10 02 41 0f 10 4c 10 f0 0f 11 01 41 0f 11 4c
0x0000000073a18bc0:   08 f0 48 8b c1 c3 66 66 0f 1f 84 00 00 00 00 00 


Register to memory mapping:

RAX=0x0000000000000000 is an unknown value
RBX=0x000000002281d5b8 is an unknown value
RCX=0x0000000023168fb4 is an unknown value
RDX=0x0000000000000000 is an unknown value
RSP=0x0000000002e2f1a8 is pointing into the stack for thread: 0x0000000002e6e000
RBP=0x0000000000000001 is an unknown value
RSI=0x0000000000000004 is an unknown value
RDI=0x0000000023168fb4 is an unknown value
R8 =0x0000000000000020 is an unknown value
R9 =0x0000000000000004 is an unknown value
R10=0x0000000000000000 is an unknown value
R11=0x0000000023168fb4 is an unknown value
R12=0x0000000000000000 is an unknown value
R13=0x0000000072b70000 is an unknown value
R14=0x0000000000000000 is an unknown value
R15=0x000000002281d338 is an unknown value


Stack: [0x0000000002d30000,0x0000000002e30000],  sp=0x0000000002e2f1a8,  free space=1020k
Native frames: (J=compiled Java code, j=interpreted, Vv=VM code, C=native code)
C  [nvoglv64.dll+0xea8bb0]
C  [nvoglv64.dll+0x9a9dea]
C  [nvoglv64.dll+0x9aabd2]
C  0x0000000002f88627

Java frames: (J=compiled Java code, j=interpreted, Vv=VM code)
j  org.lwjgl.opengl.GL11C.glDrawArrays(III)V+0
j  org.lwjgl.opengl.GL11.glDrawArrays(III)V+3
j  rendering.Renderer.drawSTRIP(Lmodels/RawModel;)V+6
j  renderers.BlockRenderer.render()V+105
j  rendering.MasterRenderer.render()V+26
j  main.Main.main([Ljava/lang/String;)V+133
v  ~StubRoutines::call_stub

---------------  P R O C E S S  ---------------

Java Threads: ( => current thread )
  0x000000001e3fb000 JavaThread "Service Thread" daemon [_thread_blocked, id=16652, stack(0x000000001fdd0000,0x000000001fed0000)]
  0x000000001e370000 JavaThread "C1 CompilerThread3" daemon [_thread_blocked, id=6780, stack(0x000000001fcd0000,0x000000001fdd0000)]
  0x000000001e35f800 JavaThread "C2 CompilerThread2" daemon [_thread_blocked, id=5376, stack(0x000000001fbd0000,0x000000001fcd0000)]
  0x000000001e355000 JavaThread "C2 CompilerThread1" daemon [_thread_blocked, id=16520, stack(0x000000001fad0000,0x000000001fbd0000)]
  0x000000001e34f000 JavaThread "C2 CompilerThread0" daemon [_thread_blocked, id=14544, stack(0x000000001f9d0000,0x000000001fad0000)]
  0x000000001e34c800 JavaThread "Attach Listener" daemon [_thread_blocked, id=15808, stack(0x000000001f8d0000,0x000000001f9d0000)]
  0x000000001e34b800 JavaThread "Signal Dispatcher" daemon [_thread_blocked, id=21968, stack(0x000000001f7d0000,0x000000001f8d0000)]
  0x000000001e343800 JavaThread "Finalizer" daemon [_thread_blocked, id=15200, stack(0x000000001f5b0000,0x000000001f6b0000)]
  0x000000001cc6c800 JavaThread "Reference Handler" daemon [_thread_blocked, id=15748, stack(0x000000001f4b0000,0x000000001f5b0000)]
=>0x0000000002e6e000 JavaThread "main" [_thread_in_native, id=4908, stack(0x0000000002d30000,0x0000000002e30000)]

Other Threads:
  0x000000001cc66800 VMThread [stack: 0x000000001f3b0000,0x000000001f4b0000] [id=21400]
  0x000000001e417800 WatcherThread [stack: 0x000000001fed0000,0x000000001ffd0000] [id=13556]

VM state:not at safepoint (normal execution)

VM Mutex/Monitor currently owned by a thread: None

heap address: 0x00000006c0c00000, size: 4084 MB, Compressed Oops mode: Zero based, Oop shift amount: 3
Narrow klass base: 0x0000000000000000, Narrow klass shift: 3
Compressed class space size: 1073741824 Address: 0x00000007c0000000

Heap:
 PSYoungGen      total 76288K, used 17077K [0x000000076af00000, 0x0000000770400000, 0x00000007c0000000)
  eden space 65536K, 26% used [0x000000076af00000,0x000000076bfad558,0x000000076ef00000)
  from space 10752K, 0% used [0x000000076f980000,0x000000076f980000,0x0000000770400000)
  to   space 10752K, 0% used [0x000000076ef00000,0x000000076ef00000,0x000000076f980000)
 ParOldGen       total 175104K, used 0K [0x00000006c0c00000, 0x00000006cb700000, 0x000000076af00000)
  object space 175104K, 0% used [0x00000006c0c00000,0x00000006c0c00000,0x00000006cb700000)
 Metaspace       used 9354K, capacity 9621K, committed 9856K, reserved 1058816K
  class space    used 769K, capacity 878K, committed 896K, reserved 1048576K

Card table byte_map: [0x0000000012330000,0x0000000012b30000] byte_map_base: 0x000000000ed2a000

Marking Bits: (ParMarkBitMap*) 0x0000000075a24ce0
 Begin Bits: [0x0000000013a90000, 0x0000000017a60000)
 End Bits:   [0x0000000017a60000, 0x000000001ba30000)

Polling page: 0x00000000012e0000

CodeCache: size=245760Kb used=2908Kb max_used=2919Kb free=242851Kb
 bounds [0x0000000002f70000, 0x0000000003250000, 0x0000000011f70000]
 total_blobs=1573 nmethods=659 adapters=828
 compilation: enabled

Compilation events (10 events):
Event: 1.773 Thread 0x000000001e370000  655       3       de.matthiasmann.twl.utils.PNGDecoder::unfilterUp (38 bytes)
Event: 1.773 Thread 0x000000001e370000 nmethod 655 0x0000000003243f50 code [0x00000000032440c0, 0x00000000032442f0]
Event: 1.774 Thread 0x000000001e34f000  656 %     4       de.matthiasmann.twl.utils.PNGDecoder::unfilterUp @ 12 (38 bytes)
Event: 1.776 Thread 0x000000001e370000  657   !   3       de.matthiasmann.twl.utils.PNGDecoder::readChunkUnzip (144 bytes)
Event: 1.776 Thread 0x000000001e370000 nmethod 657 0x0000000003246050 code [0x00000000032462e0, 0x00000000032472c8]
Event: 1.776 Thread 0x000000001e370000  659       3       java.util.Vector::elementData (7 bytes)
Event: 1.777 Thread 0x000000001e370000 nmethod 659 0x0000000003243b90 code [0x0000000003243ce0, 0x0000000003243e70]
Event: 1.777 Thread 0x000000001e370000  658       3       de.matthiasmann.twl.utils.PNGDecoder::unfilter (104 bytes)
Event: 1.777 Thread 0x000000001e370000 nmethod 658 0x0000000003247c10 code [0x0000000003247e20, 0x00000000032484c8]
Event: 1.777 Thread 0x000000001e34f000 nmethod 656% 0x0000000003243690 code [0x00000000032437e0, 0x0000000003243a38]

GC Heap History (0 events):
No events

Deoptimization events (0 events):
No events

Classes redefined (0 events):
No events

Internal exceptions (10 events):
Event: 0.026 Thread 0x0000000002e6e000 Exception <a 'java/lang/NoSuchMethodError': Method sun.misc.Unsafe.prefetchRead(Ljava/lang/Object;J)V name or signature does not match> (0x000000076af07f98) thrown at [C:\re\workspace\8-2-build-windows-amd64-cygwin\jdk8u201\12322\hotspot\src\share\vm\prim
Event: 0.105 Thread 0x0000000002e6e000 Exception <a 'java/lang/NoSuchMethodError': java.lang.Object.lambda$static$0(Ljava/lang/String;)Ljava/lang/Boolean;> (0x000000076b1f4290) thrown at [C:\re\workspace\8-2-build-windows-amd64-cygwin\jdk8u201\12322\hotspot\src\share\vm\interpreter\linkResolve
Event: 0.116 Thread 0x0000000002e6e000 Exception <a 'java/lang/NoSuchFieldError': method resolution failed> (0x000000076b26c010) thrown at [C:\re\workspace\8-2-build-windows-amd64-cygwin\jdk8u201\12322\hotspot\src\share\vm\prims\methodHandles.cpp, line 1167]
Event: 0.117 Thread 0x0000000002e6e000 Exception <a 'java/lang/NoSuchFieldError': method resolution failed> (0x000000076b279410) thrown at [C:\re\workspace\8-2-build-windows-amd64-cygwin\jdk8u201\12322\hotspot\src\share\vm\prims\methodHandles.cpp, line 1167]
Event: 0.156 Thread 0x0000000002e6e000 Exception <a 'java/security/PrivilegedActionException'> (0x000000076b3c8390) thrown at [C:\re\workspace\8-2-build-windows-amd64-cygwin\jdk8u201\12322\hotspot\src\share\vm\prims\jvm.cpp, line 1502]
Event: 0.156 Thread 0x0000000002e6e000 Exception <a 'java/security/PrivilegedActionException'> (0x000000076b3c85a0) thrown at [C:\re\workspace\8-2-build-windows-amd64-cygwin\jdk8u201\12322\hotspot\src\share\vm\prims\jvm.cpp, line 1502]
Event: 0.156 Thread 0x0000000002e6e000 Exception <a 'java/security/PrivilegedActionException'> (0x000000076b3cc210) thrown at [C:\re\workspace\8-2-build-windows-amd64-cygwin\jdk8u201\12322\hotspot\src\share\vm\prims\jvm.cpp, line 1502]
Event: 0.156 Thread 0x0000000002e6e000 Exception <a 'java/security/PrivilegedActionException'> (0x000000076b3cc420) thrown at [C:\re\workspace\8-2-build-windows-amd64-cygwin\jdk8u201\12322\hotspot\src\share\vm\prims\jvm.cpp, line 1502]
Event: 1.489 Thread 0x0000000002e6e000 Exception <a 'sun/nio/fs/WindowsException'> (0x000000076b5701a0) thrown at [C:\re\workspace\8-2-build-windows-amd64-cygwin\jdk8u201\12322\hotspot\src\share\vm\prims\jni.cpp, line 709]
Event: 1.489 Thread 0x0000000002e6e000 Exception <a 'sun/nio/fs/WindowsException'> (0x000000076b570970) thrown at [C:\re\workspace\8-2-build-windows-amd64-cygwin\jdk8u201\12322\hotspot\src\share\vm\prims\jni.cpp, line 709]

Events (10 events):
Event: 1.777 loading class org/lwjgl/util/vector/Vector2f
Event: 1.777 loading class org/lwjgl/util/vector/Vector2f done
Event: 1.777 loading class org/lwjgl/util/vector/ReadableVector2f
Event: 1.777 loading class org/lwjgl/util/vector/ReadableVector2f done
Event: 1.777 loading class org/lwjgl/util/vector/ReadableVector
Event: 1.777 loading class org/lwjgl/util/vector/ReadableVector done
Event: 1.777 loading class org/lwjgl/util/vector/WritableVector2f
Event: 1.777 loading class org/lwjgl/util/vector/WritableVector2f done
Event: 1.778 loading class org/lwjgl/util/vector/Vector
Event: 1.778 loading class org/lwjgl/util/vector/Vector done


Dynamic libraries:
0x00007ff668510000 - 0x00007ff668547000 	C:\Program Files\Java\jre1.8.0_201\bin\javaw.exe
0x00007ff8c05d0000 - 0x00007ff8c07b1000 	C:\WINDOWS\SYSTEM32\ntdll.dll
0x00007ff8bfea0000 - 0x00007ff8bff52000 	C:\WINDOWS\System32\KERNEL32.DLL
0x00007ff8bc9a0000 - 0x00007ff8bcc13000 	C:\WINDOWS\System32\KERNELBASE.dll
0x00007ff8bff60000 - 0x00007ff8c0001000 	C:\WINDOWS\System32\ADVAPI32.dll
0x00007ff8bf8e0000 - 0x00007ff8bf97e000 	C:\WINDOWS\System32\msvcrt.dll
0x00007ff8bf430000 - 0x00007ff8bf48b000 	C:\WINDOWS\System32\sechost.dll
0x00007ff8bf490000 - 0x00007ff8bf5b4000 	C:\WINDOWS\System32\RPCRT4.dll
0x00007ff8c02a0000 - 0x00007ff8c0430000 	C:\WINDOWS\System32\USER32.dll
0x00007ff8bd990000 - 0x00007ff8bd9b0000 	C:\WINDOWS\System32\win32u.dll
0x00007ff8bf030000 - 0x00007ff8bf058000 	C:\WINDOWS\System32\GDI32.dll
0x00007ff8bce70000 - 0x00007ff8bd002000 	C:\WINDOWS\System32\gdi32full.dll
0x00007ff8bd010000 - 0x00007ff8bd0af000 	C:\WINDOWS\System32\msvcp_win.dll
0x00007ff8bd130000 - 0x00007ff8bd22a000 	C:\WINDOWS\System32\ucrtbase.dll
0x00007ff8a90b0000 - 0x00007ff8a9319000 	C:\WINDOWS\WinSxS\amd64_microsoft.windows.common-controls_6595b64144ccf1df_6.0.17134.523_none_fb409dd930672a56\COMCTL32.dll
0x00007ff8bf060000 - 0x00007ff8bf382000 	C:\WINDOWS\System32\combase.dll
0x00007ff8bd0b0000 - 0x00007ff8bd12a000 	C:\WINDOWS\System32\bcryptPrimitives.dll
0x00007ff8bef00000 - 0x00007ff8bef2d000 	C:\WINDOWS\System32\IMM32.DLL
0x0000000072a90000 - 0x0000000072b61000 	C:\Program Files\Java\jre1.8.0_201\bin\msvcr100.dll
0x0000000075200000 - 0x0000000075aa4000 	C:\Program Files\Java\jre1.8.0_201\bin\server\jvm.dll
0x00007ff8bef90000 - 0x00007ff8bef98000 	C:\WINDOWS\System32\PSAPI.DLL
0x00007ff8ba6d0000 - 0x00007ff8ba6d9000 	C:\WINDOWS\SYSTEM32\WSOCK32.dll
0x00007ff8b9270000 - 0x00007ff8b927a000 	C:\WINDOWS\SYSTEM32\VERSION.dll
0x00007ff8ba240000 - 0x00007ff8ba263000 	C:\WINDOWS\SYSTEM32\WINMM.dll
0x00007ff8c0160000 - 0x00007ff8c01cc000 	C:\WINDOWS\System32\WS2_32.dll
0x00007ff8ba110000 - 0x00007ff8ba13a000 	C:\WINDOWS\SYSTEM32\winmmbase.dll
0x00007ff8bd230000 - 0x00007ff8bd279000 	C:\WINDOWS\System32\cfgmgr32.dll
0x00007ff8b3360000 - 0x00007ff8b336f000 	C:\Program Files\Java\jre1.8.0_201\bin\verify.dll
0x00007ff89c9a0000 - 0x00007ff89c9c9000 	C:\Program Files\Java\jre1.8.0_201\bin\java.dll
0x00007ff8a5eb0000 - 0x00007ff8a5ec6000 	C:\Program Files\Java\jre1.8.0_201\bin\zip.dll
0x00007ff8bdac0000 - 0x00007ff8bef00000 	C:\WINDOWS\System32\SHELL32.dll
0x00007ff8bf980000 - 0x00007ff8bfa29000 	C:\WINDOWS\System32\shcore.dll
0x00007ff8bd280000 - 0x00007ff8bd98d000 	C:\WINDOWS\System32\windows.storage.dll
0x00007ff8bda60000 - 0x00007ff8bdab1000 	C:\WINDOWS\System32\shlwapi.dll
0x00007ff8bc960000 - 0x00007ff8bc971000 	C:\WINDOWS\System32\kernel.appcore.dll
0x00007ff8bc980000 - 0x00007ff8bc99f000 	C:\WINDOWS\System32\profapi.dll
0x00007ff8bc910000 - 0x00007ff8bc95c000 	C:\WINDOWS\System32\powrprof.dll
0x00007ff8bc8e0000 - 0x00007ff8bc8ea000 	C:\WINDOWS\System32\FLTLIB.DLL
0x00007ff89f460000 - 0x00007ff89f47a000 	C:\Program Files\Java\jre1.8.0_201\bin\net.dll
0x00007ff8b08c0000 - 0x00007ff8b0a89000 	C:\WINDOWS\SYSTEM32\urlmon.dll
0x00007ff8af1e0000 - 0x00007ff8af485000 	C:\WINDOWS\SYSTEM32\iertutil.dll
0x00007ff8bc330000 - 0x00007ff8bc33b000 	C:\WINDOWS\SYSTEM32\CRYPTBASE.DLL
0x00007ff8bc160000 - 0x00007ff8bc1c6000 	C:\WINDOWS\system32\mswsock.dll
0x00007ff89df70000 - 0x00007ff89df81000 	C:\Program Files\Java\jre1.8.0_201\bin\nio.dll
0x00007ff8b4980000 - 0x00007ff8b49e3000 	C:\Users\Luca\AppData\Local\Temp\lwjglLuca\3.2.1-build-12\lwjgl.dll
0x00007ff8b2ae0000 - 0x00007ff8b2b3e000 	C:\Users\Luca\AppData\Local\Temp\lwjglLuca\3.2.1-build-12\glfw.dll
0x00007ff8bad90000 - 0x00007ff8bae28000 	C:\WINDOWS\system32\uxtheme.dll
0x00007ff8b4db0000 - 0x00007ff8b4df3000 	C:\WINDOWS\SYSTEM32\dinput8.dll
0x00007ff8baac0000 - 0x00007ff8baad0000 	C:\WINDOWS\SYSTEM32\xinput1_4.dll
0x00007ff8bc6f0000 - 0x00007ff8bc717000 	C:\WINDOWS\SYSTEM32\DEVOBJ.dll
0x00007ff8b2220000 - 0x00007ff8b2299000 	C:\WINDOWS\SYSTEM32\inputhost.dll
0x00007ff8b6dd0000 - 0x00007ff8b6f1d000 	C:\WINDOWS\SYSTEM32\wintypes.dll
0x00007ff8b9e00000 - 0x00007ff8b9eda000 	C:\WINDOWS\SYSTEM32\CoreMessaging.dll
0x00007ff8b5360000 - 0x00007ff8b567e000 	C:\WINDOWS\SYSTEM32\CoreUIComponents.dll
0x00007ff8bb9d0000 - 0x00007ff8bba01000 	C:\WINDOWS\SYSTEM32\ntmarta.dll
0x00007ff8bb070000 - 0x00007ff8bb099000 	C:\WINDOWS\SYSTEM32\dwmapi.dll
0x00007ff8bf5c0000 - 0x00007ff8bf733000 	C:\WINDOWS\System32\MSCTF.dll
0x00007ff8c01d0000 - 0x00007ff8c0292000 	C:\WINDOWS\System32\OLEAUT32.dll
0x00007ff8bb610000 - 0x00007ff8bb61c000 	C:\WINDOWS\SYSTEM32\HID.DLL
0x00007ff8bfa30000 - 0x00007ff8bfe7b000 	C:\WINDOWS\System32\SETUPAPI.DLL
0x00007ff8bce10000 - 0x00007ff8bce67000 	C:\WINDOWS\System32\WINTRUST.dll
0x00007ff8bc8f0000 - 0x00007ff8bc902000 	C:\WINDOWS\System32\MSASN1.dll
0x00007ff8bcc20000 - 0x00007ff8bce02000 	C:\WINDOWS\System32\CRYPT32.dll
0x00007ff8b2060000 - 0x00007ff8b2180000 	C:\WINDOWS\SYSTEM32\opengl32.dll
0x00007ff8b9ff0000 - 0x00007ff8ba01c000 	C:\WINDOWS\SYSTEM32\GLU32.dll
0x0000000072b70000 - 0x00000000751f9000 	C:\WINDOWS\System32\DriverStore\FileRepository\nv_dispi.inf_amd64_5db32447b43ce666\nvoglv64.dll
0x00007ff8c0430000 - 0x00007ff8c0581000 	C:\WINDOWS\System32\ole32.dll
0x00007ff8ba4f0000 - 0x00007ff8ba503000 	C:\WINDOWS\SYSTEM32\WTSAPI32.dll
0x00007ff88fab0000 - 0x00007ff88fd87000 	C:\WINDOWS\system32\nvspcap64.dll
0x00007ff8b74b0000 - 0x00007ff8b7679000 	C:\WINDOWS\SYSTEM32\dbghelp.dll
0x00007ff8b72b0000 - 0x00007ff8b72d9000 	C:\WINDOWS\SYSTEM32\dbgcore.DLL
0x00007ff8bba70000 - 0x00007ff8bbac6000 	C:\WINDOWS\SYSTEM32\WINSTA.dll
0x00007ff8b1f20000 - 0x00007ff8b1f78000 	C:\Users\Luca\AppData\Local\Temp\lwjglLuca\3.2.1-build-12\lwjgl_opengl.dll
0x00007ff8b2460000 - 0x00007ff8b24f6000 	C:\WINDOWS\System32\TextInputFramework.dll

VM Arguments:
jvm_args: -Dfile.encoding=Cp1252 
java_command: main.Main
java_class_path (initial): F:\workspace\2DGameEngine\bin;F:\workspace\2DGameEngine\lib\lwjgl_util.jar;F:\workspace\2DGameEngine\lib\lwjgl-assimp-natives-windows.jar;F:\workspace\2DGameEngine\lib\lwjgl-assimp.jar;F:\workspace\2DGameEngine\lib\lwjgl-glfw-natives-windows.jar;F:\workspace\2DGameEngine\lib\lwjgl-glfw.jar;F:\workspace\2DGameEngine\lib\lwjgl-natives-windows.jar;F:\workspace\2DGameEngine\lib\lwjgl-openal-natives-windows.jar;F:\workspace\2DGameEngine\lib\lwjgl-openal.jar;F:\workspace\2DGameEngine\lib\lwjgl-opengl-natives-windows.jar;F:\workspace\2DGameEngine\lib\lwjgl-opengl.jar;F:\workspace\2DGameEngine\lib\lwjgl-stb-natives-windows.jar;F:\workspace\2DGameEngine\lib\lwjgl-stb.jar;F:\workspace\2DGameEngine\lib\lwjgl.jar;F:\workspace\2DGameEngine\lib\PNGDecoder.jar
Launcher Type: SUN_STANDARD

Environment Variables:
PATH=C:/Program Files/Java/jre1.8.0_201/bin/server;C:/Program Files/Java/jre1.8.0_201/bin;C:/Program Files/Java/jre1.8.0_201/lib/amd64;C:\Program Files (x86)\Common Files\Oracle\Java\javapath;C:\ProgramData\Oracle\Java\javapath;C:\Windows\system32;C:\Windows;C:\Windows\System32\Wbem;C:\Windows\System32\WindowsPowerShell\v1.0\;C:\Program Files (x86)\Skype\Phone\;D:\Programme\PuTTY\;C:\Program Files (x86)\NVIDIA Corporation\PhysX\Common;D:\Programme\AOMEI Backupper;C:\WINDOWS\system32;C:\WINDOWS;C:\WINDOWS\System32\Wbem;C:\WINDOWS\System32\WindowsPowerShell\v1.0\;C:\WINDOWS\System32\OpenSSH\;C:\Program Files\NVIDIA Corporation\NVIDIA NvDLISR;C:\Program Files (x86)\Common Files\Oracle\Java\javapath;C:\ProgramData\Oracle\Java\javapath;C:\Windows\system32;C:\Windows;C:\Windows\System32\Wbem;C:\Windows\System32\WindowsPowerShell\v1.0\;C:\Program Files (x86)\Skype\Phone\;D:\Programme\PuTTY\;C:\Program Files (x86)\NVIDIA Corporation\PhysX\Common;D:\Programme\AOMEI Backupper;C:\WINDOWS\system32;C:\WINDOWS;C:\WINDOWS\System32\Wbem;C:\WINDOWS\System32\WindowsPowerShell\v1.0\;C:\WINDOWS\System32\OpenSSH\;C:\Users\Luca\AppData\Local\Microsoft\WindowsApps;C:\Users\Luca\adb;C:\Program Files\eclipse;
USERNAME=Luca
OS=Windows_NT
PROCESSOR_IDENTIFIER=AMD64 Family 23 Model 1 Stepping 1, AuthenticAMD



---------------  S Y S T E M  ---------------

OS: Windows 10.0 , 64 bit Build 17134 (10.0.17134.1)

CPU:total 12 (initial active 12) (12 cores per cpu, 1 threads per core) family 23 model 1 stepping 1, cmov, cx8, fxsr, mmx, sse, sse2, sse3, ssse3, sse4.1, sse4.2, popcnt, avx, avx2, aes, clmul, mmxext, 3dnowpref, lzcnt, sse4a, tsc, tscinvbit, tscinv, bmi1

Memory: 4k page, physical 16726296k(10555656k free), swap 30882072k(21353324k free)

vm_info: Java HotSpot(TM) 64-Bit Server VM (25.201-b09) for windows-amd64 JRE (1.8.0_201-b09), built on Dec 15 2018 18:36:39 by "java_re" with MS VC++ 10.0 (VS2010)

time: Tue Jan 29 16:41:27 2019
timezone: Mitteleuropäische Zeit
elapsed time: 1 seconds (0d 0h 0m 1s)

