#
# A fatal error has been detected by the Java Runtime Environment:
#
#  EXCEPTION_ACCESS_VIOLATION (0xc0000005) at pc=0x0000000069be96b0, pid=21896, tid=0x0000000000002374
#
# JRE version: Java(TM) SE Runtime Environment (8.0_221-b11) (build 1.8.0_221-b11)
# Java VM: Java HotSpot(TM) 64-Bit Server VM (25.221-b11 mixed mode windows-amd64 compressed oops)
# Problematic frame:
# C  [nvoglv64.dll+0xef96b0]
#
# Failed to write core dump. Minidumps are not enabled by default on client versions of Windows
#
# If you would like to submit a bug report, please visit:
#   http://bugreport.java.com/bugreport/crash.jsp
# The crash happened outside the Java Virtual Machine in native code.
# See problematic frame for where to report the bug.
#

---------------  T H R E A D  ---------------

Current thread (0x000000001fd41000):  JavaThread "Rendering Thread" [_thread_in_native, id=9076, stack(0x000000002caa0000,0x000000002cba0000)]

siginfo: ExceptionCode=0xc0000005, reading address 0x0000000000000000

Registers:
RAX=0x0000000000000080, RBX=0x000000002cba2098, RCX=0x000000002d519b70, RDX=0xffffffffd2ae6490
RSP=0x000000002cb9ecc8, RBP=0x0000000000000001, RSI=0x0000000000000008, RDI=0x000000002d519b70
R8 =0x0000000000000080, R9 =0x0000000000000008, R10=0x0000000000000000, R11=0x000000002d519b70
R12=0x0000000000000000, R13=0x0000000068cf0000, R14=0x0000000000000000, R15=0x000000002cba1e18
RIP=0x0000000069be96b0, EFLAGS=0x0000000000010246

Top of Stack: (sp=0x000000002cb9ecc8)
0x000000002cb9ecc8:   00000000696c947a 000000002c7e88c8
0x000000002cb9ecd8:   000000002cb9ee20 000000001fe9fe60
0x000000002cb9ece8:   000000006953d1eb 000000001fd41000
0x000000002cb9ecf8:   0000000000000008 0000000000000000
0x000000002cb9ed08:   000000000004810b 000000002cba1e18
0x000000002cb9ed18:   00000000696ca264 000000002cba1080
0x000000002cb9ed28:   0000000000000005 0000000000000000
0x000000002cb9ed38:   0000000002928497 000000001fd41000
0x000000002cb9ed48:   000000002cb9ee20 000000002c7e88c0
0x000000002cb9ed58:   0000000000000000 000000000291835d
0x000000002cb9ed68:   0000000002928627 000000002c7e88c8
0x000000002cb9ed78:   000000002cb9edf0 000000001ff52f40
0x000000002cb9ed88:   000000002c7e88c8 0000000000000008
0x000000002cb9ed98:   000000001fd41000 000000002cb9ee88
0x000000002cb9eda8:   0000000002928322 000000002cb9edb0
0x000000002cb9edb8:   000000002c7e88c0 000000002cb9ee20 

Instructions: (pc=0x0000000069be96b0)
0x0000000069be9690:   29 41 c0 0f 29 49 d0 0f 10 44 0a e0 0f 10 4c 0a
0x0000000069be96a0:   f0 75 ad 0f 29 41 e0 49 83 e0 7f 0f 28 c1 eb 0c
0x0000000069be96b0:   0f 10 04 0a 48 83 c1 10 49 83 e8 10 4d 8b c8 49
0x0000000069be96c0:   c1 e9 04 74 1c 66 66 66 0f 1f 84 00 00 00 00 00 


Register to memory mapping:

RAX=0x0000000000000080 is an unknown value
RBX=0x000000002cba2098 is an unknown value
RCX=0x000000002d519b70 is an unknown value
RDX=0xffffffffd2ae6490 is an unknown value
RSP=0x000000002cb9ecc8 is pointing into the stack for thread: 0x000000001fd41000
RBP=0x0000000000000001 is an unknown value
RSI=0x0000000000000008 is an unknown value
RDI=0x000000002d519b70 is an unknown value
R8 =0x0000000000000080 is an unknown value
R9 =0x0000000000000008 is an unknown value
R10=0x0000000000000000 is an unknown value
R11=0x000000002d519b70 is an unknown value
R12=0x0000000000000000 is an unknown value
R13=0x0000000068cf0000 is an unknown value
R14=0x0000000000000000 is an unknown value
R15=0x000000002cba1e18 is an unknown value


Stack: [0x000000002caa0000,0x000000002cba0000],  sp=0x000000002cb9ecc8,  free space=1019k
Native frames: (J=compiled Java code, j=interpreted, Vv=VM code, C=native code)
C  [nvoglv64.dll+0xef96b0]
C  [nvoglv64.dll+0x9d947a]
C  [nvoglv64.dll+0x9da264]
C  0x0000000002928627

Java frames: (J=compiled Java code, j=interpreted, Vv=VM code)
j  org.lwjgl.opengl.GL11C.glDrawArrays(III)V+0
j  org.lwjgl.opengl.GL11.glDrawArrays(III)V+3
j  de.Luca.Rendering.MasterRenderer.drawVAO()V+4
j  de.Luca.Rendering.MasterRenderer.render()V+171
j  de.Luca.Rendering.RenderLoop.run()V+19
j  java.lang.Thread.run()V+11
v  ~StubRoutines::call_stub

---------------  P R O C E S S  ---------------

Java Threads: ( => current thread )
=>0x000000001fd41000 JavaThread "Rendering Thread" [_thread_in_native, id=9076, stack(0x000000002caa0000,0x000000002cba0000)]
  0x000000001dda4800 JavaThread "Service Thread" daemon [_thread_blocked, id=22724, stack(0x000000001f790000,0x000000001f890000)]
  0x000000001dd12800 JavaThread "C1 CompilerThread3" daemon [_thread_blocked, id=9968, stack(0x000000001f690000,0x000000001f790000)]
  0x000000001dd11800 JavaThread "C2 CompilerThread2" daemon [_thread_blocked, id=12708, stack(0x000000001f590000,0x000000001f690000)]
  0x000000001dd04800 JavaThread "C2 CompilerThread1" daemon [_thread_blocked, id=29564, stack(0x000000001f490000,0x000000001f590000)]
  0x000000001dcfe800 JavaThread "C2 CompilerThread0" daemon [_thread_blocked, id=35008, stack(0x000000001f390000,0x000000001f490000)]
  0x000000001dcfc000 JavaThread "Attach Listener" daemon [_thread_blocked, id=26100, stack(0x000000001f290000,0x000000001f390000)]
  0x000000001dcfb000 JavaThread "Signal Dispatcher" daemon [_thread_blocked, id=12556, stack(0x000000001f190000,0x000000001f290000)]
  0x000000001c613800 JavaThread "Finalizer" daemon [_thread_blocked, id=31088, stack(0x000000001ef60000,0x000000001f060000)]
  0x000000001c60c800 JavaThread "Reference Handler" daemon [_thread_blocked, id=34192, stack(0x000000001ee60000,0x000000001ef60000)]
  0x000000000270e800 JavaThread "main" [_thread_in_native, id=1240, stack(0x0000000002710000,0x0000000002810000)]

Other Threads:
  0x000000001c606800 VMThread [stack: 0x000000001ed60000,0x000000001ee60000] [id=24400]
  0x000000001ddc1000 WatcherThread [stack: 0x000000001f890000,0x000000001f990000] [id=34424]

VM state:not at safepoint (normal execution)

VM Mutex/Monitor currently owned by a thread: None

heap address: 0x00000006c0c00000, size: 4084 MB, Compressed Oops mode: Zero based, Oop shift amount: 3
Narrow klass base: 0x0000000000000000, Narrow klass shift: 3
Compressed class space size: 1073741824 Address: 0x00000007c0000000

Heap:
 PSYoungGen      total 76288K, used 25616K [0x000000076af00000, 0x0000000770400000, 0x00000007c0000000)
  eden space 65536K, 39% used [0x000000076af00000,0x000000076c804358,0x000000076ef00000)
  from space 10752K, 0% used [0x000000076f980000,0x000000076f980000,0x0000000770400000)
  to   space 10752K, 0% used [0x000000076ef00000,0x000000076ef00000,0x000000076f980000)
 ParOldGen       total 175104K, used 0K [0x00000006c0c00000, 0x00000006cb700000, 0x000000076af00000)
  object space 175104K, 0% used [0x00000006c0c00000,0x00000006c0c00000,0x00000006cb700000)
 Metaspace       used 11072K, capacity 11285K, committed 11520K, reserved 1060864K
  class space    used 876K, capacity 942K, committed 1024K, reserved 1048576K

Card table byte_map: [0x0000000011cd0000,0x00000000124d0000] byte_map_base: 0x000000000e6ca000

Marking Bits: (ParMarkBitMap*) 0x000000006bef5ce0
 Begin Bits: [0x0000000013430000, 0x0000000017400000)
 End Bits:   [0x0000000017400000, 0x000000001b3d0000)

Polling page: 0x0000000000e60000

CodeCache: size=245760Kb used=3149Kb max_used=3149Kb free=242610Kb
 bounds [0x0000000002910000, 0x0000000002c30000, 0x0000000011910000]
 total_blobs=1738 nmethods=769 adapters=883
 compilation: enabled

Compilation events (10 events):
Event: 1.358 Thread 0x000000001dd04800 nmethod 763 0x0000000002c1af90 code [0x0000000002c1b0e0, 0x0000000002c1b338]
Event: 1.359 Thread 0x000000001dcfe800 nmethod 759 0x0000000002c1d410 code [0x0000000002c1d5a0, 0x0000000002c1df68]
Event: 1.359 Thread 0x000000001dcfe800  764   !   4       sun.security.provider.DigestBase::engineDigest (39 bytes)
Event: 1.359 Thread 0x000000001dd04800  765       4       sun.security.provider.DigestBase::engineDigest (112 bytes)
Event: 1.359 Thread 0x000000001dd11800  766       4       sun.security.provider.SHA::implDigest (96 bytes)
Event: 1.366 Thread 0x000000001dcfe800 nmethod 764 0x0000000002c20690 code [0x0000000002c20820, 0x0000000002c20f28]
Event: 1.367 Thread 0x000000001dd04800 nmethod 765 0x0000000002c21790 code [0x0000000002c21920, 0x0000000002c22008]
Event: 1.367 Thread 0x000000001dd11800 nmethod 766 0x0000000002c227d0 code [0x0000000002c22960, 0x0000000002c23128]
Event: 1.402 Thread 0x000000001dd12800  767       3       java.net.URLClassLoader::defineClass (142 bytes)
Event: 1.403 Thread 0x000000001dd12800 nmethod 767 0x0000000002c23a10 code [0x0000000002c23d80, 0x0000000002c26078]

GC Heap History (0 events):
No events

Deoptimization events (5 events):
Event: 1.177 Thread 0x000000000270e800 Uncommon trap: reason=unstable_if action=reinterpret pc=0x0000000002ace658 method=java.lang.String.indexOf([CII[CIII)I @ 3
Event: 1.182 Thread 0x000000000270e800 Uncommon trap: reason=bimorphic action=maybe_recompile pc=0x0000000002b8d05c method=java.util.HashMap.getNode(ILjava/lang/Object;)Ljava/util/HashMap$Node; @ 126
Event: 1.182 Thread 0x000000000270e800 Uncommon trap: reason=bimorphic action=maybe_recompile pc=0x0000000002b8d05c method=java.util.HashMap.getNode(ILjava/lang/Object;)Ljava/util/HashMap$Node; @ 126
Event: 1.182 Thread 0x000000000270e800 Uncommon trap: reason=bimorphic action=maybe_recompile pc=0x0000000002b8d05c method=java.util.HashMap.getNode(ILjava/lang/Object;)Ljava/util/HashMap$Node; @ 126
Event: 1.182 Thread 0x000000000270e800 Uncommon trap: reason=bimorphic action=maybe_recompile pc=0x0000000002b8d05c method=java.util.HashMap.getNode(ILjava/lang/Object;)Ljava/util/HashMap$Node; @ 126

Classes redefined (0 events):
No events

Internal exceptions (10 events):
Event: 0.026 Thread 0x000000000270e800 Exception <a 'java/lang/NoSuchMethodError': Method sun.misc.Unsafe.prefetchRead(Ljava/lang/Object;J)V name or signature does not match> (0x000000076af07fa0) thrown at [C:\re\workspace\8-2-build-windows-amd64-cygwin\jdk8u221\13320\hotspot\src\share\vm\prim
Event: 0.104 Thread 0x000000000270e800 Exception <a 'java/lang/NoSuchMethodError': java.lang.Object.lambda$static$0(Ljava/lang/String;)Ljava/lang/Boolean;> (0x000000076b20fa78) thrown at [C:\re\workspace\8-2-build-windows-amd64-cygwin\jdk8u221\13320\hotspot\src\share\vm\interpreter\linkResolve
Event: 0.114 Thread 0x000000000270e800 Exception <a 'java/lang/NoSuchFieldError': method resolution failed> (0x000000076b287798) thrown at [C:\re\workspace\8-2-build-windows-amd64-cygwin\jdk8u221\13320\hotspot\src\share\vm\prims\methodHandles.cpp, line 1167]
Event: 0.115 Thread 0x000000000270e800 Exception <a 'java/lang/NoSuchFieldError': method resolution failed> (0x000000076b294b98) thrown at [C:\re\workspace\8-2-build-windows-amd64-cygwin\jdk8u221\13320\hotspot\src\share\vm\prims\methodHandles.cpp, line 1167]
Event: 0.152 Thread 0x000000000270e800 Exception <a 'java/security/PrivilegedActionException'> (0x000000076b3e5170) thrown at [C:\re\workspace\8-2-build-windows-amd64-cygwin\jdk8u221\13320\hotspot\src\share\vm\prims\jvm.cpp, line 1502]
Event: 0.152 Thread 0x000000000270e800 Exception <a 'java/security/PrivilegedActionException'> (0x000000076b3e5380) thrown at [C:\re\workspace\8-2-build-windows-amd64-cygwin\jdk8u221\13320\hotspot\src\share\vm\prims\jvm.cpp, line 1502]
Event: 0.153 Thread 0x000000000270e800 Exception <a 'java/security/PrivilegedActionException'> (0x000000076b3e8ff0) thrown at [C:\re\workspace\8-2-build-windows-amd64-cygwin\jdk8u221\13320\hotspot\src\share\vm\prims\jvm.cpp, line 1502]
Event: 0.153 Thread 0x000000000270e800 Exception <a 'java/security/PrivilegedActionException'> (0x000000076b3e9200) thrown at [C:\re\workspace\8-2-build-windows-amd64-cygwin\jdk8u221\13320\hotspot\src\share\vm\prims\jvm.cpp, line 1502]
Event: 0.879 Thread 0x000000000270e800 Exception <a 'sun/nio/fs/WindowsException'> (0x000000076b599ab0) thrown at [C:\re\workspace\8-2-build-windows-amd64-cygwin\jdk8u221\13320\hotspot\src\share\vm\prims\jni.cpp, line 710]
Event: 0.879 Thread 0x000000000270e800 Exception <a 'sun/nio/fs/WindowsException'> (0x000000076b59a280) thrown at [C:\re\workspace\8-2-build-windows-amd64-cygwin\jdk8u221\13320\hotspot\src\share\vm\prims\jni.cpp, line 710]

Events (10 events):
Event: 1.406 loading class org/joml/Vector2dc
Event: 1.406 loading class org/joml/Vector2dc done
Event: 1.407 loading class org/joml/Vector2i
Event: 1.407 loading class org/joml/Vector2i done
Event: 1.408 loading class org/joml/Vector2ic
Event: 1.408 loading class org/joml/Vector2ic done
Event: 1.408 loading class org/joml/Quaternionf
Event: 1.408 loading class org/joml/Quaternionf done
Event: 1.409 loading class org/joml/Quaternionfc
Event: 1.409 loading class org/joml/Quaternionfc done


Dynamic libraries:
0x00007ff6eebd0000 - 0x00007ff6eec07000 	C:\Program Files\Java\jre1.8.0_221\bin\javaw.exe
0x00007ffae4d60000 - 0x00007ffae4f50000 	C:\WINDOWS\SYSTEM32\ntdll.dll
0x00007ffae3630000 - 0x00007ffae36e2000 	C:\WINDOWS\System32\KERNEL32.DLL
0x00007ffae2710000 - 0x00007ffae29b3000 	C:\WINDOWS\System32\KERNELBASE.dll
0x00007ffae37c0000 - 0x00007ffae3863000 	C:\WINDOWS\System32\ADVAPI32.dll
0x00007ffae4c20000 - 0x00007ffae4cbe000 	C:\WINDOWS\System32\msvcrt.dll
0x00007ffae3a20000 - 0x00007ffae3ab7000 	C:\WINDOWS\System32\sechost.dll
0x00007ffae32e0000 - 0x00007ffae3400000 	C:\WINDOWS\System32\RPCRT4.dll
0x00007ffae3880000 - 0x00007ffae3a13000 	C:\WINDOWS\System32\USER32.dll
0x00007ffae2b40000 - 0x00007ffae2b61000 	C:\WINDOWS\System32\win32u.dll
0x00007ffae4440000 - 0x00007ffae4466000 	C:\WINDOWS\System32\GDI32.dll
0x00007ffae2570000 - 0x00007ffae2704000 	C:\WINDOWS\System32\gdi32full.dll
0x00007ffae24d0000 - 0x00007ffae256e000 	C:\WINDOWS\System32\msvcp_win.dll
0x00007ffae2d10000 - 0x00007ffae2e0a000 	C:\WINDOWS\System32\ucrtbase.dll
0x00007ffad4dc0000 - 0x00007ffad5045000 	C:\WINDOWS\WinSxS\amd64_microsoft.windows.common-controls_6595b64144ccf1df_6.0.18362.295_none_e6c3acbd13101292\COMCTL32.dll
0x00007ffae48e0000 - 0x00007ffae4c16000 	C:\WINDOWS\System32\combase.dll
0x00007ffae2b70000 - 0x00007ffae2bf0000 	C:\WINDOWS\System32\bcryptPrimitives.dll
0x00007ffae4410000 - 0x00007ffae443e000 	C:\WINDOWS\System32\IMM32.DLL
0x000000006b450000 - 0x000000006b522000 	C:\Program Files\Java\jre1.8.0_221\bin\msvcr100.dll
0x000000006b6d0000 - 0x000000006bf75000 	C:\Program Files\Java\jre1.8.0_221\bin\server\jvm.dll
0x00007ffae2f60000 - 0x00007ffae2f68000 	C:\WINDOWS\System32\PSAPI.DLL
0x00007ffadfbb0000 - 0x00007ffadfbd4000 	C:\WINDOWS\SYSTEM32\WINMM.dll
0x00007ffadcc30000 - 0x00007ffadcc3a000 	C:\WINDOWS\SYSTEM32\VERSION.dll
0x00007ffadde80000 - 0x00007ffadde89000 	C:\WINDOWS\SYSTEM32\WSOCK32.dll
0x00007ffae43a0000 - 0x00007ffae440f000 	C:\WINDOWS\System32\WS2_32.dll
0x00007ffadfb80000 - 0x00007ffadfbad000 	C:\WINDOWS\SYSTEM32\winmmbase.dll
0x00007ffae2bf0000 - 0x00007ffae2c3a000 	C:\WINDOWS\System32\cfgmgr32.dll
0x00007ffadde70000 - 0x00007ffadde7f000 	C:\Program Files\Java\jre1.8.0_221\bin\verify.dll
0x00007ffada4e0000 - 0x00007ffada509000 	C:\Program Files\Java\jre1.8.0_221\bin\java.dll
0x00007ffada460000 - 0x00007ffada476000 	C:\Program Files\Java\jre1.8.0_221\bin\zip.dll
0x00007ffae3ac0000 - 0x00007ffae41a2000 	C:\WINDOWS\System32\SHELL32.dll
0x00007ffae41c0000 - 0x00007ffae4269000 	C:\WINDOWS\System32\shcore.dll
0x00007ffae1cf0000 - 0x00007ffae246c000 	C:\WINDOWS\System32\windows.storage.dll
0x00007ffae1cb0000 - 0x00007ffae1ccf000 	C:\WINDOWS\System32\profapi.dll
0x00007ffae1c60000 - 0x00007ffae1caa000 	C:\WINDOWS\System32\powrprof.dll
0x00007ffae1c30000 - 0x00007ffae1c40000 	C:\WINDOWS\System32\UMPDC.dll
0x00007ffae4340000 - 0x00007ffae4392000 	C:\WINDOWS\System32\shlwapi.dll
0x00007ffae1c40000 - 0x00007ffae1c51000 	C:\WINDOWS\System32\kernel.appcore.dll
0x00007ffae2cf0000 - 0x00007ffae2d07000 	C:\WINDOWS\System32\cryptsp.dll
0x00007ffada0b0000 - 0x00007ffada0ca000 	C:\Program Files\Java\jre1.8.0_221\bin\net.dll
0x00007ffad45a0000 - 0x00007ffad4776000 	C:\WINDOWS\SYSTEM32\urlmon.dll
0x00007ffad4950000 - 0x00007ffad4bf6000 	C:\WINDOWS\SYSTEM32\iertutil.dll
0x00007ffae1670000 - 0x00007ffae167c000 	C:\WINDOWS\SYSTEM32\CRYPTBASE.DLL
0x00007ffae14a0000 - 0x00007ffae1507000 	C:\WINDOWS\system32\mswsock.dll
0x00007ffad50b0000 - 0x00007ffad50c2000 	C:\Program Files\Java\jre1.8.0_221\bin\nio.dll
0x00007ffab6400000 - 0x00007ffab6463000 	C:\Users\Luca\AppData\Local\Temp\lwjglLuca\3.2.1-build-12\lwjgl.dll
0x00007ffabf6a0000 - 0x00007ffabf6fe000 	C:\Users\Luca\AppData\Local\Temp\lwjglLuca\3.2.1-build-12\glfw.dll
0x00007ffadffb0000 - 0x00007ffae0049000 	C:\WINDOWS\system32\uxtheme.dll
0x00007ffab7210000 - 0x00007ffab7253000 	C:\WINDOWS\SYSTEM32\dinput8.dll
0x00007ffad5050000 - 0x00007ffad5061000 	C:\WINDOWS\SYSTEM32\xinput1_4.dll
0x00007ffae1a30000 - 0x00007ffae1a5a000 	C:\WINDOWS\SYSTEM32\DEVOBJ.dll
0x00007ffae03d0000 - 0x00007ffae03fd000 	C:\WINDOWS\SYSTEM32\dwmapi.dll
0x00007ffada2b0000 - 0x00007ffada3b2000 	C:\WINDOWS\SYSTEM32\inputhost.dll
0x00007ffadfaa0000 - 0x00007ffadfb74000 	C:\WINDOWS\SYSTEM32\CoreMessaging.dll
0x00007ffadd390000 - 0x00007ffadd4e3000 	C:\WINDOWS\SYSTEM32\wintypes.dll
0x00007ffade5f0000 - 0x00007ffade6df000 	C:\WINDOWS\SYSTEM32\PROPSYS.dll
0x00007ffadd880000 - 0x00007ffaddbaa000 	C:\WINDOWS\SYSTEM32\CoreUIComponents.dll
0x00007ffae36f0000 - 0x00007ffae37b4000 	C:\WINDOWS\System32\OLEAUT32.dll
0x00007ffae0c90000 - 0x00007ffae0cc1000 	C:\WINDOWS\SYSTEM32\ntmarta.dll
0x00007ffae2f70000 - 0x00007ffae30a6000 	C:\WINDOWS\System32\MSCTF.dll
0x00007ffae0840000 - 0x00007ffae084e000 	C:\WINDOWS\SYSTEM32\HID.DLL
0x00007ffae4470000 - 0x00007ffae48e0000 	C:\WINDOWS\System32\SETUPAPI.DLL
0x00007ffae2b10000 - 0x00007ffae2b36000 	C:\WINDOWS\System32\bcrypt.dll
0x00007ffae2470000 - 0x00007ffae24cc000 	C:\WINDOWS\System32\WINTRUST.dll
0x00007ffae1cd0000 - 0x00007ffae1ce2000 	C:\WINDOWS\System32\MSASN1.dll
0x00007ffae29c0000 - 0x00007ffae2b09000 	C:\WINDOWS\System32\CRYPT32.dll
0x00007ffab2d30000 - 0x00007ffab2e7f000 	C:\WINDOWS\SYSTEM32\opengl32.dll
0x00007ffad5080000 - 0x00007ffad50ac000 	C:\WINDOWS\SYSTEM32\GLU32.dll
0x00007ffae08a0000 - 0x00007ffae08c0000 	C:\WINDOWS\SYSTEM32\dxcore.dll
0x0000000068cf0000 - 0x000000006b441000 	C:\WINDOWS\System32\DriverStore\FileRepository\nv_dispi.inf_amd64_547eeefb57db4499\nvoglv64.dll
0x00007ffae30b0000 - 0x00007ffae3206000 	C:\WINDOWS\System32\ole32.dll
0x00007ffade740000 - 0x00007ffade753000 	C:\WINDOWS\SYSTEM32\WTSAPI32.dll
0x00007ffabf870000 - 0x00007ffabfb22000 	C:\WINDOWS\system32\nvspcap64.dll
0x00007ffae0d00000 - 0x00007ffae0d5c000 	C:\WINDOWS\SYSTEM32\WINSTA.dll
0x00007ffab6d80000 - 0x00007ffab6dd8000 	C:\Users\Luca\AppData\Local\Temp\lwjglLuca\3.2.1-build-12\lwjgl_opengl.dll
0x00007ffad9b70000 - 0x00007ffad9c0e000 	C:\WINDOWS\System32\TextInputFramework.dll
0x00007ffae1010000 - 0x00007ffae1043000 	C:\WINDOWS\system32\rsaenh.dll
0x00007ffae1b50000 - 0x00007ffae1b75000 	C:\WINDOWS\SYSTEM32\USERENV.dll
0x00007ffae11b0000 - 0x00007ffae11ea000 	C:\WINDOWS\SYSTEM32\IPHLPAPI.DLL
0x00007ffae41b0000 - 0x00007ffae41b8000 	C:\WINDOWS\System32\NSI.dll
0x00007ffadc120000 - 0x00007ffadc136000 	C:\WINDOWS\SYSTEM32\dhcpcsvc6.DLL
0x00007ffadc100000 - 0x00007ffadc11c000 	C:\WINDOWS\SYSTEM32\dhcpcsvc.DLL
0x00007ffae11f0000 - 0x00007ffae12ba000 	C:\WINDOWS\SYSTEM32\DNSAPI.dll
0x00007ffacd9f0000 - 0x00007ffacdbe4000 	C:\WINDOWS\SYSTEM32\dbghelp.dll

VM Arguments:
jvm_args: -Dfile.encoding=Cp1252 
java_command: de.Luca.Main.Main
java_class_path (initial): F:\workspace\SkyFightEngine\bin;F:\workspace\SkyFightEngine\lib\lwjgl-assimp-natives-windows.jar;F:\workspace\SkyFightEngine\lib\lwjgl-assimp.jar;F:\workspace\SkyFightEngine\lib\lwjgl-glfw-natives-windows.jar;F:\workspace\SkyFightEngine\lib\lwjgl-glfw.jar;F:\workspace\SkyFightEngine\lib\lwjgl-natives-windows.jar;F:\workspace\SkyFightEngine\lib\lwjgl-nuklear-natives-windows.jar;F:\workspace\SkyFightEngine\lib\lwjgl-nuklear.jar;F:\workspace\SkyFightEngine\lib\lwjgl-openal-natives-windows.jar;F:\workspace\SkyFightEngine\lib\lwjgl-openal.jar;F:\workspace\SkyFightEngine\lib\lwjgl-opengl-natives-windows.jar;F:\workspace\SkyFightEngine\lib\lwjgl-opengl.jar;F:\workspace\SkyFightEngine\lib\lwjgl-stb-natives-windows.jar;F:\workspace\SkyFightEngine\lib\lwjgl-stb.jar;F:\workspace\SkyFightEngine\lib\lwjgl.jar;F:\workspace\SkyFightEngine\lib\PNGDecoder.jar;F:\workspace\SkyFightEngine\lib\joml-1.9.9.jar
Launcher Type: SUN_STANDARD

Environment Variables:
PATH=C:/Program Files/Java/jre1.8.0_221/bin/server;C:/Program Files/Java/jre1.8.0_221/bin;C:/Program Files/Java/jre1.8.0_221/lib/amd64;C:\Program Files (x86)\Common Files\Oracle\Java\javapath;C:\ProgramData\Oracle\Java\javapath;C:\Windows\system32;C:\Windows;C:\Windows\System32\Wbem;C:\Windows\System32\WindowsPowerShell\v1.0\;D:\Programme\PuTTY\;C:\Program Files (x86)\NVIDIA Corporation\PhysX\Common;D:\Programme\AOMEI Backupper;C:\WINDOWS\system32;C:\WINDOWS;C:\WINDOWS\System32\Wbem;C:\WINDOWS\System32\WindowsPowerShell\v1.0\;C:\WINDOWS\System32\OpenSSH\;C:\Program Files\NVIDIA Corporation\NVIDIA NvDLISR;C:\Program Files\dotnet\;%SystemRoot%\system32;%SystemRoot%;%SystemRoot%\System32\Wbem;%SYSTEMROOT%\System32\WindowsPowerShell\v1.0\;%SYSTEMROOT%\System32\OpenSSH\;C:\Program Files (x86)\Common Files\Oracle\Java\javapath;C:\ProgramData\Oracle\Java\javapath;C:\Windows\system32;C:\Windows;C:\Windows\System32\Wbem;C:\Windows\System32\WindowsPowerShell\v1.0\;C:\Program Files (x86)\Skype\Phone\;D:\Programme\PuTTY\;C:\Program Files (x86)\NVIDIA Corporation\PhysX\Common;D:\Programme\AOMEI Backupper;C:\WINDOWS\system32;C:\WINDOWS;C:\WINDOWS\System32\Wbem;C:\WINDOWS\System32\WindowsPowerShell\v1.0\;C:\WINDOWS\System32\OpenSSH\;C:\Users\Luca\AppData\Local\Microsoft\WindowsApps;C:\Users\Luca\adb;C:\Users\Luca\AppData\Local\Microsoft\WindowsApps;;C:\Program Files\eclipse;
USERNAME=Luca
OS=Windows_NT
PROCESSOR_IDENTIFIER=AMD64 Family 23 Model 1 Stepping 1, AuthenticAMD



---------------  S Y S T E M  ---------------

OS: Windows 10.0 , 64 bit Build 18362 (10.0.18362.86)

CPU:total 12 (initial active 12) (12 cores per cpu, 1 threads per core) family 23 model 1 stepping 1, cmov, cx8, fxsr, mmx, sse, sse2, sse3, ssse3, sse4.1, sse4.2, popcnt, avx, avx2, aes, clmul, mmxext, 3dnowpref, lzcnt, sse4a, tsc, tscinvbit, tscinv, bmi1

Memory: 4k page, physical 16726296k(10444452k free), swap 20789528k(11557664k free)

vm_info: Java HotSpot(TM) 64-Bit Server VM (25.221-b11) for windows-amd64 JRE (1.8.0_221-b11), built on Jul  4 2019 04:39:29 by "java_re" with MS VC++ 10.0 (VS2010)

time: Wed Aug 28 16:27:08 2019
timezone: Mitteleuropäische Sommerzeit
elapsed time: 1 seconds (0d 0h 0m 1s)

